<?xml version="1.0" encoding="UTF-8"?>
<testng-results ignored="0" total="1" passed="1" failed="0" skipped="0">
  <reporter-output>
  </reporter-output>
  <suite started-at="2024-07-18T18:58:42 EDT" name="Default suite" finished-at="2024-07-18T18:58:49 EDT" duration-ms="6765">
    <groups>
    </groups>
    <test started-at="2024-07-18T18:58:42 EDT" name="Default test" finished-at="2024-07-18T18:58:49 EDT" duration-ms="6765">
      <class name="com.Login.seleniumExample.NewTest">
        <test-method is-config="true" signature="setUp()[pri:0, instance:com.Login.seleniumExample.NewTest@2f4948e4]" started-at="2024-07-18T18:58:42 EDT" name="setUp" finished-at="2024-07-18T18:58:47 EDT" duration-ms="4290" status="PASS">
          <reporter-output>
          </reporter-output>
        </test-method> <!-- setUp -->
        <test-method signature="testTableToExcel()[pri:0, instance:com.Login.seleniumExample.NewTest@2f4948e4]" started-at="2024-07-18T18:58:47 EDT" name="testTableToExcel" finished-at="2024-07-18T18:58:49 EDT" duration-ms="2300" status="PASS">
          <reporter-output>
          </reporter-output>
        </test-method> <!-- testTableToExcel -->
        <test-method is-config="true" signature="tearDown()[pri:0, instance:com.Login.seleniumExample.NewTest@2f4948e4]" started-at="2024-07-18T18:58:49 EDT" name="tearDown" finished-at="2024-07-18T18:58:49 EDT" duration-ms="140" status="PASS">
          <reporter-output>
          </reporter-output>
        </test-method> <!-- tearDown -->
      </class> <!-- com.Login.seleniumExample.NewTest -->
    </test> <!-- Default test -->
  </suite> <!-- Default suite -->
</testng-results>
